<?xml version="1.0" encoding="UTF-8"?>
<!-- Generated by org.testng.reporters.JUnitXMLReporter -->
<testsuite ignored="0" hostname="STIPL-SMBL0339" failures="0" tests="3" name="Default test" time="34.154" errors="0" timestamp="2024-10-26T01:14:48 IST">
  <testcase classname="testval.TestValidation_Two" name="loginHRMS" time="2.154"/>
  <testcase classname="testval.TestValidation_Two" name="loginHRMS" time="2.145"/>
  <testcase classname="testval.TestValidation_Two" name="loginHRMS" time="2.362"/>
</testsuite> <!-- Default test -->
