<?xml version="1.0" encoding="UTF-8"?>
<!-- Generated by org.testng.reporters.JUnitXMLReporter -->
<testsuite ignored="0" hostname="STIPL-SMBL0339" failures="0" tests="3" name="Default test" time="0.453" errors="0" timestamp="2024-09-26T01:34:31 IST">
  <testcase classname="testNGIntegration.TestScriptData" name="testData" time="0.007"/>
  <testcase classname="testNGIntegration.TestScriptData" name="testData" time="0.002"/>
  <testcase classname="testNGIntegration.TestScriptData" name="testData" time="0.0"/>
</testsuite> <!-- Default test -->
