<?xml version="1.0" encoding="UTF-8"?>
<!-- Generated by org.testng.reporters.JUnitXMLReporter -->
<testsuite ignored="0" hostname="STIPL-SMBL0339" failures="1" tests="2" name="Default test" time="4.906" errors="0" timestamp="2024-09-19T21:57:25 IST">
  <testcase classname="io.cucumber.testng.AbstractTestNGCucumberTests" name="runScenario" time="4.224"/>
  <testcase classname="io.cucumber.testng.AbstractTestNGCucumberTests" name="runScenario" time="0.34">
    <failure type="java.lang.IllegalArgumentException" message="No enum constant resources.APIResources.POST">
      <![CDATA[java.lang.IllegalArgumentException: No enum constant resources.APIResources.POST
at java.base/java.lang.Enum.valueOf(Enum.java:274)
at resources.APIResources.valueOf(APIResources.java:1)
at stepDefinitions.StepDefinitions.user_calls_with_http_request(StepDefinitions.java:33)
at stepDefinitions.StepDefinitions.user_verifies_place_id_created_maps_to_using(StepDefinitions.java:64)
at stepDefinitions.Hooks.beforeScenario(Hooks.java:17)
]]>
    </failure>
  </testcase> <!-- runScenario -->
</testsuite> <!-- Default test -->
