<?xml version="1.0" encoding="UTF-8"?>
<testng-results ignored="0" total="2" passed="1" failed="1" skipped="0">
  <reporter-output>
  </reporter-output>
  <suite started-at="2024-09-19T21:57:20 IST" name="Default suite" finished-at="2024-09-19T21:57:25 IST" duration-ms="4906">
    <groups>
      <group name="cucumber">
        <method signature="AbstractTestNGCucumberTests.runScenario(io.cucumber.testng.PickleWrapper,io.cucumber.testng.FeatureWrapper)[pri:0, instance:testRunner.TestNGTestRunner@4b29d1d2]" name="runScenario" class="io.cucumber.testng.AbstractTestNGCucumberTests"/>
      </group> <!-- cucumber -->
    </groups>
    <test started-at="2024-09-19T21:57:20 IST" name="Default test" finished-at="2024-09-19T21:57:25 IST" duration-ms="4906">
      <class name="testRunner.TestNGTestRunner">
        <test-method is-config="true" signature="setUpClass(org.testng.ITestContext)[pri:0, instance:testRunner.TestNGTestRunner@4b29d1d2]" started-at="2024-09-19T21:57:21 IST" name="setUpClass" finished-at="2024-09-19T21:57:21 IST" duration-ms="148" status="PASS">
          <params>
            <param index="0">
              <value>
                <![CDATA[org.testng.TestRunner@38054d01]]>
              </value>
            </param>
          </params>
          <reporter-output>
          </reporter-output>
        </test-method> <!-- setUpClass -->
        <test-method signature="runScenario(io.cucumber.testng.PickleWrapper,io.cucumber.testng.FeatureWrapper)[pri:0, instance:testRunner.TestNGTestRunner@4b29d1d2]" started-at="2024-09-19T21:57:21 IST" name="runScenario" description="Runs Cucumber Scenarios" data-provider="scenarios" finished-at="2024-09-19T21:57:25 IST" duration-ms="4224" status="PASS">
          <params>
            <param index="0">
              <value>
                <![CDATA["Verify if place is successfully added using addPlaceAPI"]]>
              </value>
            </param>
            <param index="1">
              <value>
                <![CDATA["Validating Place API's"]]>
              </value>
            </param>
          </params>
          <reporter-output>
          </reporter-output>
        </test-method> <!-- runScenario -->
        <test-method signature="runScenario(io.cucumber.testng.PickleWrapper,io.cucumber.testng.FeatureWrapper)[pri:0, instance:testRunner.TestNGTestRunner@4b29d1d2]" started-at="2024-09-19T21:57:25 IST" name="runScenario" description="Runs Cucumber Scenarios" data-provider="scenarios" finished-at="2024-09-19T21:57:25 IST" duration-ms="340" status="FAIL">
          <params>
            <param index="0">
              <value>
                <![CDATA["Verify the delete place functionality"]]>
              </value>
            </param>
            <param index="1">
              <value>
                <![CDATA["Validating Place API's"]]>
              </value>
            </param>
          </params>
          <exception class="java.lang.IllegalArgumentException">
            <message>
              <![CDATA[No enum constant resources.APIResources.POST]]>
            </message>
            <full-stacktrace>
              <![CDATA[java.lang.IllegalArgumentException: No enum constant resources.APIResources.POST
at java.base/java.lang.Enum.valueOf(Enum.java:274)
at resources.APIResources.valueOf(APIResources.java:1)
at stepDefinitions.StepDefinitions.user_calls_with_http_request(StepDefinitions.java:33)
at stepDefinitions.StepDefinitions.user_verifies_place_id_created_maps_to_using(StepDefinitions.java:64)
at stepDefinitions.Hooks.beforeScenario(Hooks.java:17)
]]>
            </full-stacktrace>
          </exception> <!-- java.lang.IllegalArgumentException -->
          <reporter-output>
          </reporter-output>
        </test-method> <!-- runScenario -->
        <test-method is-config="true" signature="tearDownClass()[pri:0, instance:testRunner.TestNGTestRunner@4b29d1d2]" started-at="2024-09-19T21:57:25 IST" name="tearDownClass" finished-at="2024-09-19T21:57:25 IST" duration-ms="156" status="PASS">
          <reporter-output>
          </reporter-output>
        </test-method> <!-- tearDownClass -->
      </class> <!-- testRunner.TestNGTestRunner -->
    </test> <!-- Default test -->
  </suite> <!-- Default suite -->
</testng-results>
