<?xml version="1.0" encoding="UTF-8"?>
<testng-results ignored="0" total="1" passed="1" failed="0" skipped="0">
  <reporter-output>
  </reporter-output>
  <suite started-at="2024-10-19T00:46:48 IST" name="TestNG Test Automation Suite" finished-at="2024-10-19T00:46:55 IST" duration-ms="6937">
    <groups>
    </groups>
    <test started-at="2024-10-19T00:46:48 IST" name="Test" finished-at="2024-10-19T00:46:55 IST" duration-ms="6937">
      <class name="ecommTestSwagLabs.EcommTestValidations">
        <test-method signature="test(java.lang.String,java.lang.String,java.lang.String,java.lang.String)[pri:0, instance:ecommTestSwagLabs.EcommTestValidations@229c6181]" started-at="2024-10-19T00:46:48 IST" name="test" finished-at="2024-10-19T00:46:55 IST" duration-ms="6905" status="PASS">
          <params>
            <param index="0">
              <value>
                <![CDATA[edge]]>
              </value>
            </param>
            <param index="1">
              <value>
                <![CDATA[https://www.saucedemo.com/]]>
              </value>
            </param>
            <param index="2">
              <value>
                <![CDATA[standard_user]]>
              </value>
            </param>
            <param index="3">
              <value>
                <![CDATA[secret_sauce]]>
              </value>
            </param>
          </params>
          <reporter-output>
          </reporter-output>
        </test-method> <!-- test -->
      </class> <!-- ecommTestSwagLabs.EcommTestValidations -->
    </test> <!-- Test -->
  </suite> <!-- TestNG Test Automation Suite -->
</testng-results>
