<?xml version="1.0" encoding="UTF-8"?>
<testng-results ignored="0" total="1" passed="1" failed="0" skipped="0">
  <reporter-output>
  </reporter-output>
  <suite started-at="2024-10-26T01:30:45 IST" name="Default suite" finished-at="2024-10-26T01:30:45 IST" duration-ms="43">
    <groups>
    </groups>
    <test started-at="2024-10-26T01:30:45 IST" name="Default test" finished-at="2024-10-26T01:30:45 IST" duration-ms="43">
      <class name="stepDefinitions.TestJSONRetrival">
        <test-method signature="getData()[pri:0, instance:stepDefinitions.TestJSONRetrival@576d5deb]" started-at="2024-10-26T01:30:45 IST" name="getData" finished-at="2024-10-26T01:30:45 IST" duration-ms="13" status="PASS">
          <reporter-output>
          </reporter-output>
        </test-method> <!-- getData -->
      </class> <!-- stepDefinitions.TestJSONRetrival -->
    </test> <!-- Default test -->
  </suite> <!-- Default suite -->
</testng-results>
