<?xml version="1.0" encoding="UTF-8"?>
<testng-results ignored="0" total="3" passed="3" failed="0" skipped="0">
  <reporter-output>
  </reporter-output>
  <suite started-at="2024-10-26T01:14:14 IST" name="Default suite" finished-at="2024-10-26T01:14:48 IST" duration-ms="34154">
    <groups>
    </groups>
    <test started-at="2024-10-26T01:14:14 IST" name="Default test" finished-at="2024-10-26T01:14:48 IST" duration-ms="34154">
      <class name="testval.TestValidation_Two">
        <test-method is-config="true" signature="setUp()[pri:0, instance:testval.TestValidation_Two@750e2b97]" started-at="2024-10-26T01:14:14 IST" name="setUp" finished-at="2024-10-26T01:14:22 IST" duration-ms="7584" status="PASS">
          <reporter-output>
          </reporter-output>
        </test-method> <!-- setUp -->
        <test-method signature="loginHRMS(java.lang.String)[pri:0, instance:testval.TestValidation_Two@750e2b97]" started-at="2024-10-26T01:14:22 IST" name="loginHRMS" data-provider="testData" finished-at="2024-10-26T01:14:24 IST" duration-ms="2154" status="PASS">
          <params>
            <param index="0">
              <value>
                <![CDATA[Admin,admin123]]>
              </value>
            </param>
          </params>
          <reporter-output>
          </reporter-output>
        </test-method> <!-- loginHRMS -->
        <test-method is-config="true" signature="tearDown()[pri:0, instance:testval.TestValidation_Two@750e2b97]" started-at="2024-10-26T01:14:24 IST" name="tearDown" finished-at="2024-10-26T01:14:26 IST" duration-ms="1778" status="PASS">
          <reporter-output>
          </reporter-output>
        </test-method> <!-- tearDown -->
        <test-method is-config="true" signature="setUp()[pri:0, instance:testval.TestValidation_Two@750e2b97]" started-at="2024-10-26T01:14:26 IST" name="setUp" finished-at="2024-10-26T01:14:33 IST" duration-ms="7205" status="PASS">
          <reporter-output>
          </reporter-output>
        </test-method> <!-- setUp -->
        <test-method signature="loginHRMS(java.lang.String)[pri:0, instance:testval.TestValidation_Two@750e2b97]" started-at="2024-10-26T01:14:33 IST" name="loginHRMS" data-provider="testData" finished-at="2024-10-26T01:14:35 IST" duration-ms="2145" status="PASS">
          <params>
            <param index="0">
              <value>
                <![CDATA[Admin,admin123]]>
              </value>
            </param>
          </params>
          <reporter-output>
          </reporter-output>
        </test-method> <!-- loginHRMS -->
        <test-method is-config="true" signature="tearDown()[pri:0, instance:testval.TestValidation_Two@750e2b97]" started-at="2024-10-26T01:14:35 IST" name="tearDown" finished-at="2024-10-26T01:14:37 IST" duration-ms="1747" status="PASS">
          <reporter-output>
          </reporter-output>
        </test-method> <!-- tearDown -->
        <test-method is-config="true" signature="setUp()[pri:0, instance:testval.TestValidation_Two@750e2b97]" started-at="2024-10-26T01:14:37 IST" name="setUp" finished-at="2024-10-26T01:14:44 IST" duration-ms="7380" status="PASS">
          <reporter-output>
          </reporter-output>
        </test-method> <!-- setUp -->
        <test-method signature="loginHRMS(java.lang.String)[pri:0, instance:testval.TestValidation_Two@750e2b97]" started-at="2024-10-26T01:14:44 IST" name="loginHRMS" data-provider="testData" finished-at="2024-10-26T01:14:46 IST" duration-ms="2362" status="PASS">
          <params>
            <param index="0">
              <value>
                <![CDATA[Admin,admin123]]>
              </value>
            </param>
          </params>
          <reporter-output>
          </reporter-output>
        </test-method> <!-- loginHRMS -->
        <test-method is-config="true" signature="tearDown()[pri:0, instance:testval.TestValidation_Two@750e2b97]" started-at="2024-10-26T01:14:46 IST" name="tearDown" finished-at="2024-10-26T01:14:48 IST" duration-ms="1760" status="PASS">
          <reporter-output>
          </reporter-output>
        </test-method> <!-- tearDown -->
      </class> <!-- testval.TestValidation_Two -->
    </test> <!-- Default test -->
  </suite> <!-- Default suite -->
</testng-results>
