<?xml version="1.0" encoding="UTF-8"?>
<testng-results ignored="0" total="3" passed="3" failed="0" skipped="0">
  <reporter-output>
  </reporter-output>
  <suite started-at="2024-09-26T01:34:31 IST" name="Default suite" finished-at="2024-09-26T01:34:31 IST" duration-ms="453">
    <groups>
    </groups>
    <test started-at="2024-09-26T01:34:31 IST" name="Default test" finished-at="2024-09-26T01:34:31 IST" duration-ms="453">
      <class name="testNGIntegration.TestScriptData">
        <test-method signature="testData(java.lang.String,java.lang.String,java.lang.String)[pri:0, instance:testNGIntegration.TestScriptData@7098b907]" started-at="2024-09-26T01:34:31 IST" name="testData" data-provider="driveTest" finished-at="2024-09-26T01:34:31 IST" duration-ms="7" status="PASS">
          <params>
            <param index="0">
              <value>
                <![CDATA[Hello]]>
              </value>
            </param>
            <param index="1">
              <value>
                <![CDATA[Text]]>
              </value>
            </param>
            <param index="2">
              <value>
                <![CDATA[1]]>
              </value>
            </param>
          </params>
          <reporter-output>
          </reporter-output>
        </test-method> <!-- testData -->
        <test-method signature="testData(java.lang.String,java.lang.String,java.lang.String)[pri:0, instance:testNGIntegration.TestScriptData@7098b907]" started-at="2024-09-26T01:34:31 IST" name="testData" data-provider="driveTest" finished-at="2024-09-26T01:34:31 IST" duration-ms="2" status="PASS">
          <params>
            <param index="0">
              <value>
                <![CDATA[Bye]]>
              </value>
            </param>
            <param index="1">
              <value>
                <![CDATA[Call]]>
              </value>
            </param>
            <param index="2">
              <value>
                <![CDATA[123]]>
              </value>
            </param>
          </params>
          <reporter-output>
          </reporter-output>
        </test-method> <!-- testData -->
        <test-method signature="testData(java.lang.String,java.lang.String,java.lang.String)[pri:0, instance:testNGIntegration.TestScriptData@7098b907]" started-at="2024-09-26T01:34:31 IST" name="testData" data-provider="driveTest" finished-at="2024-09-26T01:34:31 IST" duration-ms="0" status="PASS">
          <params>
            <param index="0">
              <value>
                <![CDATA[Good Morning]]>
              </value>
            </param>
            <param index="1">
              <value>
                <![CDATA[Email]]>
              </value>
            </param>
            <param index="2">
              <value>
                <![CDATA[432]]>
              </value>
            </param>
          </params>
          <reporter-output>
          </reporter-output>
        </test-method> <!-- testData -->
      </class> <!-- testNGIntegration.TestScriptData -->
    </test> <!-- Default test -->
  </suite> <!-- Default suite -->
</testng-results>
